<?xml version="1.0" encoding="UTF-8"?>
<!-- Generated by org.testng.reporters.JUnitReportReporter -->
<testsuite hostname="DESKTOP-K0CH7S3" failures="0" tests="5" name="Selenium.TestNG" time="18.189" errors="0" timestamp="16 Sep 2023 13:08:55 GMT" skipped="0">
  <testcase classname="Selenium.TestNG" name="T2_Login" time="3.004"/>
  <testcase classname="Selenium.TestNG" name="T3_LandingPage" time="3.003"/>
  <testcase classname="Selenium.TestNG" name="T5_Logout" time="3.005"/>
  <testcase classname="Selenium.TestNG" name="T1_Launch" time="6.156"/>
  <testcase classname="Selenium.TestNG" name="T4_MainTransaction" time="3.021"/>
</testsuite> <!-- Selenium.TestNG -->
