<?xml version="1.0" encoding="UTF-8"?>
<!-- Generated by org.testng.reporters.JUnitReportReporter -->
<testsuite hostname="DESKTOP-K0CH7S3" failures="0" tests="5" name="Selenium.TestNG" time="15.087" errors="0" timestamp="18 Sep 2023 06:33:20 GMT" skipped="0">
  <testcase classname="Selenium.TestNG" name="T3_LandingPage" time="3.009"/>
  <testcase classname="Selenium.TestNG" name="T5_Logout" time="3.013"/>
  <testcase classname="Selenium.TestNG" name="T4_MainTransaction" time="3.037"/>
  <testcase classname="Selenium.TestNG" name="T1_Launch" time="3.014"/>
  <testcase classname="Selenium.TestNG" name="T2_Login" time="3.014"/>
</testsuite> <!-- Selenium.TestNG -->
